<?xml version="1.0" encoding="UTF-8" ?>
<testsuite failures="0" time="0.811" errors="0" skipped="0" tests="14" name="org.sonar.plugins.cobertura.CoberturaSensorTest">
  <properties>
[...]
</properties>
  <testcase time="0.285" classname="org.sonar.plugins.cobertura.CoberturaSensorTest" name="packageCoverageIsCalculatedLaterByDecorator"/>
  <testcase time="0.208" classname="org.sonar.plugins.cobertura.CoberturaSensorTest" name="collectFileLineCoverage"/>
  <testcase time="0.084" classname="org.sonar.plugins.cobertura.CoberturaSensorTest" name="collectFileBranchCoverage"/>
  <testcase time="0.042" classname="org.sonar.plugins.cobertura.CoberturaSensorTest" name="testDoNotSaveMeasureOnResourceWhichDoesntExistInTheContext"/>
  <testcase time="0.046" classname="org.sonar.plugins.cobertura.CoberturaSensorTest" name="javaInterfaceHasNoCoverage"/>
  <testcase time="0.005" classname="org.sonar.plugins.cobertura.CoberturaSensorTest" name="shouldInsertCoverageAtFileLevel"/>
  <testcase time="0.053" classname="org.sonar.plugins.cobertura.CoberturaSensorTest" name="collectFileLineHitsData"/>
  <testcase time="0.003" classname="org.sonar.plugins.cobertura.CoberturaSensorTest" name="shouldNotCountTwiceAnonymousClasses"/>
  <testcase time="0.001" classname="org.sonar.plugins.cobertura.CoberturaSensorTest" name="shouldNotFailIfReportNotSpecifiedOrNotFound"/>
  <testcase time="0.018" classname="org.sonar.plugins.cobertura.CoberturaSensorTest" name="doNotCollectProjectCoverage"/>
  <testcase time="0.018" classname="org.sonar.plugins.cobertura.CoberturaSensorTest" name="doNotCollectProjectLineCoverage"/>
  <testcase time="0.017" classname="org.sonar.plugins.cobertura.CoberturaSensorTest" name="doNotCollectProjectBranchCoverage"/>
  <testcase time="0.017" classname="org.sonar.plugins.cobertura.CoberturaSensorTest" name="collectPackageLineCoverage"/>
  <testcase time="0.014" classname="org.sonar.plugins.cobertura.CoberturaSensorTest" name="collectPackageBranchCoverage"/>
</testsuite>